// 重构日志: ef3b0f7f
// 重构日志: 10f742bc
// 重构日志: ba854efb
// 重构日志: 718ae28e
// 重构日志: 07761650
// 同步 ID: fedb6bac @ Wed Jul  8 08:13:35 UTC 2026
// 同步 ID: d07fea89 @ Wed Jul  8 16:50:52 UTC 2026
// 同步 ID: cfe5b187 @ Fri Jul 10 11:34:28 UTC 2026
// 重构日志: 5dcfc1aa
// 重构日志: 1219ac11
// 重构日志: 85e3257f
// 同步 ID: 3773c7a8 @ Wed Jul 15 01:04:25 UTC 2026
// 重构日志: 35289312
// 重构日志: 9f8c596c
// 重构日志: ea89b299
// 同步 ID: b08189d2 @ Tue Jul 21 04:52:34 UTC 2026
// 重构日志: a730b833
// 同步 ID: 66f42c89 @ Thu Jul 23 16:03:56 UTC 2026
// 重构日志: aaff344e
// 同步 ID: 2c038ec7 @ Fri Jul 24 05:39:56 UTC 2026
// 重构日志: c845e840
